<?xml version="1.0" encoding="UTF-8"?>
<testsuite name="com.moodanlayser.MoodAnalyserTest" tests="1" skipped="0" failures="0" errors="0" timestamp="2019-11-27T09:56:24" hostname="admin1-desktop" time="0.002">
  <properties/>
  <testcase name="givenMessage_WithReflectionWhenProper_ReturnHappy" classname="com.moodanlayser.MoodAnalyserTest" time="0.002"/>
  <system-out><![CDATA[]]></system-out>
  <system-err><![CDATA[]]></system-err>
</testsuite>
